
*** Running vivado
    with args -log top.vds -m64 -product Vivado -mode batch -messageDb vivado.pb -notrace -source top.tcl


****** Vivado v2025.1 (64-bit)
  **** SW Build 6140274 on Wed May 21 22:58:25 MDT 2025
  **** IP Build 6138677 on Thu May 22 03:10:11 MDT 2025
  **** SharedData Build 6139179 on Tue May 20 17:58:58 MDT 2025
  **** Start of session at: Wed Sep 24 22:39:01 2025
    ** Copyright 1986-2022 Xilinx, Inc. All Rights Reserved.
    ** Copyright 2022-2025 Advanced Micro Devices, Inc. All Rights Reserved.

source top.tcl -notrace
Command: read_checkpoint -auto_incremental -incremental /home/md/Work/hdl/vivado/packet_link/packet_link/packet_link.srcs/utils_1/imports/synth_1/top.dcp
INFO: [Vivado 12-5825] Read reference checkpoint from /home/md/Work/hdl/vivado/packet_link/packet_link/packet_link.srcs/utils_1/imports/synth_1/top.dcp for incremental synthesis
INFO: [Vivado 12-7989] Please ensure there are no constraint changes
Command: synth_design -top top -part xc7a35tcpg236-1
Starting synth_design
Attempting to get a license for feature 'Synthesis' and/or device 'xc7a35t'
INFO: [Common 17-349] Got license for feature 'Synthesis' and/or device 'xc7a35t'
INFO: [Device 21-403] Loading part xc7a35tcpg236-1
INFO: [Designutils 20-5440] No compile time benefit to using incremental synthesis; A full resynthesis will be run
INFO: [Designutils 20-4379] Flow is switching to default flow due to incremental criteria not met. If you would like to alter this behaviour and have the flow terminate instead, please set the following parameter config_implementation {autoIncr.Synth.RejectBehavior Terminate}
INFO: [Synth 8-7079] Multithreading enabled for synth_design using a maximum of 7 processes.
INFO: [Synth 8-7078] Launching helper process for spawning children vivado processes
INFO: [Synth 8-7075] Helper process launched with PID 41929
---------------------------------------------------------------------------------
Starting RTL Elaboration : Time (s): cpu = 00:00:04 ; elapsed = 00:00:04 . Memory (MB): peak = 2118.289 ; gain = 441.797 ; free physical = 5601 ; free virtual = 14562
---------------------------------------------------------------------------------
INFO: [Synth 8-6157] synthesizing module 'top' [/home/md/Work/hdl/vivado/packet_link/packet_link/packet_link.srcs/sources_1/new/top.sv:23]
INFO: [Synth 8-6157] synthesizing module 'uart_rx' [/home/md/Work/hdl/rtl/common/uart/uart_rx.sv:4]
	Parameter NCLKS_PER_BIT bound to: 10416 - type: integer 
INFO: [Synth 8-155] case statement is not full and has no default [/home/md/Work/hdl/rtl/common/uart/uart_rx.sv:64]
INFO: [Synth 8-6155] done synthesizing module 'uart_rx' (0#1) [/home/md/Work/hdl/rtl/common/uart/uart_rx.sv:4]
INFO: [Synth 8-6157] synthesizing module 'uart2pkt_parser' [/home/md/Work/hdl/rtl/projects/packet_link/uart2pkt_parser.sv:1]
	Parameter PD_LEN bound to: 2 - type: integer 
	Parameter PKTLEN bound to: 7 - type: integer 
INFO: [Synth 8-6155] done synthesizing module 'uart2pkt_parser' (0#1) [/home/md/Work/hdl/rtl/projects/packet_link/uart2pkt_parser.sv:1]
INFO: [Synth 8-6157] synthesizing module 'ssd_ctrl' [/home/md/Work/hdl/rtl/common/basic/ssd_ctrl.sv:3]
INFO: [Synth 8-226] default block is never used [/home/md/Work/hdl/rtl/common/basic/ssd_ctrl.sv:95]
INFO: [Synth 8-6155] done synthesizing module 'ssd_ctrl' (0#1) [/home/md/Work/hdl/rtl/common/basic/ssd_ctrl.sv:3]
INFO: [Synth 8-6155] done synthesizing module 'top' (0#1) [/home/md/Work/hdl/vivado/packet_link/packet_link/packet_link.srcs/sources_1/new/top.sv:23]
WARNING: [Synth 8-6014] Unused sequential element pkt_type_reg was removed.  [/home/md/Work/hdl/rtl/projects/packet_link/uart2pkt_parser.sv:47]
WARNING: [Synth 8-6014] Unused sequential element pkt_length_reg was removed.  [/home/md/Work/hdl/rtl/projects/packet_link/uart2pkt_parser.sv:48]
---------------------------------------------------------------------------------
Finished RTL Elaboration : Time (s): cpu = 00:00:06 ; elapsed = 00:00:06 . Memory (MB): peak = 2193.227 ; gain = 516.734 ; free physical = 5516 ; free virtual = 14478
---------------------------------------------------------------------------------
---------------------------------------------------------------------------------
Start Handling Custom Attributes
---------------------------------------------------------------------------------
---------------------------------------------------------------------------------
Finished Handling Custom Attributes : Time (s): cpu = 00:00:06 ; elapsed = 00:00:06 . Memory (MB): peak = 2211.039 ; gain = 534.547 ; free physical = 5515 ; free virtual = 14476
---------------------------------------------------------------------------------
---------------------------------------------------------------------------------
Finished RTL Optimization Phase 1 : Time (s): cpu = 00:00:06 ; elapsed = 00:00:06 . Memory (MB): peak = 2211.039 ; gain = 534.547 ; free physical = 5515 ; free virtual = 14476
---------------------------------------------------------------------------------
Netlist sorting complete. Time (s): cpu = 00:00:00 ; elapsed = 00:00:00 . Memory (MB): peak = 2211.039 ; gain = 0.000 ; free physical = 5515 ; free virtual = 14476
INFO: [Project 1-570] Preparing netlist for logic optimization

Processing XDC Constraints
Initializing timing engine
Parsing XDC File [/home/md/Desktop/vivado-workspace/basys3/basys3_master.xdc]
Finished Parsing XDC File [/home/md/Desktop/vivado-workspace/basys3/basys3_master.xdc]
INFO: [Project 1-236] Implementation specific constraints were found while reading constraint file [/home/md/Desktop/vivado-workspace/basys3/basys3_master.xdc]. These constraints will be ignored for synthesis but will be used in implementation. Impacted constraints are listed in the file [.Xil/top_propImpl.xdc].
Resolution: To avoid this warning, move constraints listed in [.Xil/top_propImpl.xdc] to another XDC file and exclude this new file from synthesis with the used_in_synthesis property (File Properties dialog in GUI) and re-run elaboration/synthesis.
Completed Processing XDC Constraints

Netlist sorting complete. Time (s): cpu = 00:00:00 ; elapsed = 00:00:00 . Memory (MB): peak = 2341.777 ; gain = 0.000 ; free physical = 5511 ; free virtual = 14473
INFO: [Project 1-111] Unisim Transformation Summary:
No Unisim elements were transformed.

Constraint Validation Runtime : Time (s): cpu = 00:00:00 ; elapsed = 00:00:00 . Memory (MB): peak = 2341.812 ; gain = 0.000 ; free physical = 5511 ; free virtual = 14473
INFO: [Designutils 20-5440] No compile time benefit to using incremental synthesis; A full resynthesis will be run
INFO: [Designutils 20-4379] Flow is switching to default flow due to incremental criteria not met. If you would like to alter this behaviour and have the flow terminate instead, please set the following parameter config_implementation {autoIncr.Synth.RejectBehavior Terminate}
---------------------------------------------------------------------------------
Finished Constraint Validation : Time (s): cpu = 00:00:13 ; elapsed = 00:00:13 . Memory (MB): peak = 2341.812 ; gain = 665.320 ; free physical = 5523 ; free virtual = 14484
---------------------------------------------------------------------------------
---------------------------------------------------------------------------------
Start Loading Part and Timing Information
---------------------------------------------------------------------------------
Loading part: xc7a35tcpg236-1
---------------------------------------------------------------------------------
Finished Loading Part and Timing Information : Time (s): cpu = 00:00:13 ; elapsed = 00:00:13 . Memory (MB): peak = 2349.781 ; gain = 673.289 ; free physical = 5523 ; free virtual = 14484
---------------------------------------------------------------------------------
---------------------------------------------------------------------------------
Start Applying 'set_property' XDC Constraints
---------------------------------------------------------------------------------
---------------------------------------------------------------------------------
Finished applying 'set_property' XDC Constraints : Time (s): cpu = 00:00:13 ; elapsed = 00:00:13 . Memory (MB): peak = 2349.781 ; gain = 673.289 ; free physical = 5523 ; free virtual = 14484
---------------------------------------------------------------------------------
INFO: [Synth 8-802] inferred FSM for state register 'state_reg' in module 'uart_rx'
INFO: [Synth 8-802] inferred FSM for state register 'state_reg' in module 'uart2pkt_parser'
---------------------------------------------------------------------------------------------------
                   State |                     New Encoding |                Previous Encoding 
---------------------------------------------------------------------------------------------------
                    IDLE |                              000 |                              000
                   START |                              001 |                              001
                    DATA |                              010 |                              010
                    STOP |                              011 |                              011
                    DONE |                              100 |                              100
---------------------------------------------------------------------------------------------------
INFO: [Synth 8-3354] encoded FSM with state register 'state_reg' using encoding 'sequential' in module 'uart_rx'
---------------------------------------------------------------------------------------------------
                   State |                     New Encoding |                Previous Encoding 
---------------------------------------------------------------------------------------------------
                  S_IDLE |                              000 |                              000
              S_PKT_TYPE |                              001 |                              001
                   S_LEN |                              010 |                              010
                    S_PD |                              011 |                              011
                   S_CHK |                              100 |                              100
                   S_END |                              101 |                              101
                   S_ERR |                              110 |                              110
---------------------------------------------------------------------------------------------------
INFO: [Synth 8-3354] encoded FSM with state register 'state_reg' using encoding 'sequential' in module 'uart2pkt_parser'
---------------------------------------------------------------------------------
Finished RTL Optimization Phase 2 : Time (s): cpu = 00:00:13 ; elapsed = 00:00:13 . Memory (MB): peak = 2349.781 ; gain = 673.289 ; free physical = 5530 ; free virtual = 14493
---------------------------------------------------------------------------------
---------------------------------------------------------------------------------
Start RTL Component Statistics 
---------------------------------------------------------------------------------
Detailed RTL Component Info : 
+---Adders : 
	   2 Input   14 Bit       Adders := 1     
	   2 Input    3 Bit       Adders := 1     
	   2 Input    2 Bit       Adders := 1     
+---XORs : 
	   2 Input      8 Bit         XORs := 1     
+---Registers : 
	               16 Bit    Registers := 1     
	               14 Bit    Registers := 1     
	                8 Bit    Registers := 2     
	                3 Bit    Registers := 1     
	                2 Bit    Registers := 1     
	                1 Bit    Registers := 2     
+---Muxes : 
	   7 Input   16 Bit        Muxes := 1     
	   5 Input   14 Bit        Muxes := 1     
	   5 Input    8 Bit        Muxes := 1     
	   7 Input    8 Bit        Muxes := 1     
	   4 Input    4 Bit        Muxes := 2     
	   2 Input    3 Bit        Muxes := 8     
	   5 Input    3 Bit        Muxes := 1     
	   7 Input    3 Bit        Muxes := 1     
	   7 Input    2 Bit        Muxes := 1     
	   5 Input    1 Bit        Muxes := 5     
	   2 Input    1 Bit        Muxes := 1     
	   7 Input    1 Bit        Muxes := 4     
---------------------------------------------------------------------------------
Finished RTL Component Statistics 
---------------------------------------------------------------------------------
---------------------------------------------------------------------------------
Start Part Resource Summary
---------------------------------------------------------------------------------
Part Resources:
DSPs: 90 (col length:60)
BRAMs: 100 (col length: RAMB18 60 RAMB36 30)
---------------------------------------------------------------------------------
Finished Part Resource Summary
---------------------------------------------------------------------------------
---------------------------------------------------------------------------------
Start Cross Boundary and Area Optimization
---------------------------------------------------------------------------------
WARNING: [Synth 8-7080] Parallel synthesis criteria is not met
---------------------------------------------------------------------------------
Finished Cross Boundary and Area Optimization : Time (s): cpu = 00:00:15 ; elapsed = 00:00:16 . Memory (MB): peak = 2349.781 ; gain = 673.289 ; free physical = 5484 ; free virtual = 14451
---------------------------------------------------------------------------------
---------------------------------------------------------------------------------
Start Applying XDC Timing Constraints
---------------------------------------------------------------------------------
---------------------------------------------------------------------------------
Finished Applying XDC Timing Constraints : Time (s): cpu = 00:00:21 ; elapsed = 00:00:21 . Memory (MB): peak = 2379.781 ; gain = 703.289 ; free physical = 5349 ; free virtual = 14406
---------------------------------------------------------------------------------
---------------------------------------------------------------------------------
Start Timing Optimization
---------------------------------------------------------------------------------
---------------------------------------------------------------------------------
Finished Timing Optimization : Time (s): cpu = 00:00:21 ; elapsed = 00:00:22 . Memory (MB): peak = 2409.828 ; gain = 733.336 ; free physical = 5345 ; free virtual = 14379
---------------------------------------------------------------------------------
---------------------------------------------------------------------------------
Start Technology Mapping
---------------------------------------------------------------------------------
---------------------------------------------------------------------------------
Finished Technology Mapping : Time (s): cpu = 00:00:21 ; elapsed = 00:00:22 . Memory (MB): peak = 2409.828 ; gain = 733.336 ; free physical = 5345 ; free virtual = 14380
---------------------------------------------------------------------------------
---------------------------------------------------------------------------------
Start IO Insertion
---------------------------------------------------------------------------------
---------------------------------------------------------------------------------
Start Flattening Before IO Insertion
---------------------------------------------------------------------------------
---------------------------------------------------------------------------------
Finished Flattening Before IO Insertion
---------------------------------------------------------------------------------
---------------------------------------------------------------------------------
Start Final Netlist Cleanup
---------------------------------------------------------------------------------
---------------------------------------------------------------------------------
Finished Final Netlist Cleanup
---------------------------------------------------------------------------------
---------------------------------------------------------------------------------
Finished IO Insertion : Time (s): cpu = 00:00:25 ; elapsed = 00:00:26 . Memory (MB): peak = 2566.641 ; gain = 890.148 ; free physical = 5264 ; free virtual = 14232
---------------------------------------------------------------------------------
---------------------------------------------------------------------------------
Start Renaming Generated Instances
---------------------------------------------------------------------------------
---------------------------------------------------------------------------------
Finished Renaming Generated Instances : Time (s): cpu = 00:00:25 ; elapsed = 00:00:26 . Memory (MB): peak = 2566.641 ; gain = 890.148 ; free physical = 5264 ; free virtual = 14232
---------------------------------------------------------------------------------
---------------------------------------------------------------------------------
Start Rebuilding User Hierarchy
---------------------------------------------------------------------------------
---------------------------------------------------------------------------------
Finished Rebuilding User Hierarchy : Time (s): cpu = 00:00:25 ; elapsed = 00:00:26 . Memory (MB): peak = 2566.641 ; gain = 890.148 ; free physical = 5264 ; free virtual = 14232
---------------------------------------------------------------------------------
---------------------------------------------------------------------------------
Start Renaming Generated Ports
---------------------------------------------------------------------------------
---------------------------------------------------------------------------------
Finished Renaming Generated Ports : Time (s): cpu = 00:00:25 ; elapsed = 00:00:26 . Memory (MB): peak = 2566.641 ; gain = 890.148 ; free physical = 5264 ; free virtual = 14232
---------------------------------------------------------------------------------
---------------------------------------------------------------------------------
Start Handling Custom Attributes
---------------------------------------------------------------------------------
---------------------------------------------------------------------------------
Finished Handling Custom Attributes : Time (s): cpu = 00:00:25 ; elapsed = 00:00:26 . Memory (MB): peak = 2566.641 ; gain = 890.148 ; free physical = 5264 ; free virtual = 14232
---------------------------------------------------------------------------------
---------------------------------------------------------------------------------
Start Renaming Generated Nets
---------------------------------------------------------------------------------
---------------------------------------------------------------------------------
Finished Renaming Generated Nets : Time (s): cpu = 00:00:25 ; elapsed = 00:00:26 . Memory (MB): peak = 2566.641 ; gain = 890.148 ; free physical = 5264 ; free virtual = 14232
---------------------------------------------------------------------------------
---------------------------------------------------------------------------------
Start Writing Synthesis Report
---------------------------------------------------------------------------------

Report BlackBoxes: 
+-+--------------+----------+
| |BlackBox name |Instances |
+-+--------------+----------+
+-+--------------+----------+

Report Cell Usage: 
+------+-------+------+
|      |Cell   |Count |
+------+-------+------+
|1     |BUFG   |     1|
|2     |CARRY4 |     9|
|3     |LUT1   |     2|
|4     |LUT2   |    10|
|5     |LUT3   |    22|
|6     |LUT4   |    22|
|7     |LUT5   |    28|
|8     |LUT6   |    21|
|9     |FDCE   |    49|
|10    |FDRE   |    29|
|11    |IBUF   |     3|
|12    |OBUF   |    11|
+------+-------+------+
---------------------------------------------------------------------------------
Finished Writing Synthesis Report : Time (s): cpu = 00:00:25 ; elapsed = 00:00:26 . Memory (MB): peak = 2566.641 ; gain = 890.148 ; free physical = 5264 ; free virtual = 14232
---------------------------------------------------------------------------------
Synthesis finished with 0 errors, 0 critical warnings and 1 warnings.
Synthesis Optimization Runtime : Time (s): cpu = 00:00:24 ; elapsed = 00:00:24 . Memory (MB): peak = 2566.641 ; gain = 759.375 ; free physical = 5264 ; free virtual = 14232
Synthesis Optimization Complete : Time (s): cpu = 00:00:25 ; elapsed = 00:00:26 . Memory (MB): peak = 2566.648 ; gain = 890.148 ; free physical = 5266 ; free virtual = 14234
INFO: [Project 1-571] Translating synthesized netlist
Netlist sorting complete. Time (s): cpu = 00:00:00 ; elapsed = 00:00:00 . Memory (MB): peak = 2566.648 ; gain = 0.000 ; free physical = 5266 ; free virtual = 14234
INFO: [Netlist 29-17] Analyzing 9 Unisim elements for replacement
INFO: [Netlist 29-28] Unisim Transformation completed in 0 CPU seconds
INFO: [Project 1-570] Preparing netlist for logic optimization
INFO: [Opt 31-138] Pushed 0 inverter(s) to 0 load pin(s).
Netlist sorting complete. Time (s): cpu = 00:00:00 ; elapsed = 00:00:00 . Memory (MB): peak = 2622.668 ; gain = 0.000 ; free physical = 5446 ; free virtual = 14414
INFO: [Project 1-111] Unisim Transformation Summary:
No Unisim elements were transformed.

Synth Design complete | Checksum: dbaa03eb
INFO: [Common 17-83] Releasing license: Synthesis
35 Infos, 3 Warnings, 0 Critical Warnings and 0 Errors encountered.
synth_design completed successfully
synth_design: Time (s): cpu = 00:00:34 ; elapsed = 00:00:31 . Memory (MB): peak = 2622.703 ; gain = 1076.422 ; free physical = 5446 ; free virtual = 14414
INFO: [Common 17-2834] synth_design peak Physical Memory [PSS] (MB): overall = 1744.581; main = 1744.581; forked = 274.919
INFO: [Common 17-2834] synth_design peak Virtual Memory [VSS] (MB): overall = 3313.648; main = 2622.672; forked = 963.863
Write ShapeDB Complete: Time (s): cpu = 00:00:00 ; elapsed = 00:00:00 . Memory (MB): peak = 2646.680 ; gain = 0.000 ; free physical = 5446 ; free virtual = 14414
INFO: [Common 17-1381] The checkpoint '/home/md/Work/hdl/vivado/packet_link/packet_link/packet_link.runs/synth_1/top.dcp' has been generated.
INFO: [Vivado 12-24828] Executing command : report_utilization -file top_utilization_synth.rpt -pb top_utilization_synth.pb
INFO: [Common 17-206] Exiting Vivado at Wed Sep 24 22:39:37 2025...
